21:11:40 [INFO] gpu_queue.job_queue — Queue manager ready — status file: /home/felipeteodoro/projetos/LearnableWaveletLayer/tests/financial/results/2026-05-02/queue_status.json
21:11:44 [INFO] gpu_queue.job_queue — Starting 7 GPU workers for 550 pending jobs.
21:11:48 [WARNING] gpu_queue.worker — Retry 1/2 for ABEV3.SA/CNN/learned_wavelet_no_warmup in 60s
21:14:01 [INFO] gpu_queue.worker — Done: ABEV3.SA/CNN/raw (GPU 0, 136.9s)
21:14:06 [INFO] gpu_queue.worker — Done: ABEV3.SA/CNN/raw (GPU 1, 141.8s)
21:14:10 [WARNING] gpu_queue.worker — Retry 1/2 for ABEV3.SA/LSTM/learned_wavelet_no_warmup in 60s
21:14:22 [INFO] gpu_queue.worker — Done: ABEV3.SA/CNN/db4 (GPU 2, 158.1s)
21:14:59 [INFO] gpu_queue.worker — Done: ABEV3.SA/CNN/learned_wavelet (GPU 3, 194.6s)
21:16:02 [INFO] gpu_queue.worker — Done: ABEV3.SA/CNN_LSTM/raw (GPU 2, 99.5s)
21:16:34 [INFO] gpu_queue.worker — Done: ABEV3.SA/CNN_LSTM/raw (GPU 3, 95.2s)
21:16:38 [WARNING] gpu_queue.worker — Retry 1/2 for ABEV3.SA/CNN_LSTM/learned_wavelet_no_warmup in 60s
21:16:49 [INFO] gpu_queue.worker — Done: ABEV3.SA/CNN_LSTM/db4 (GPU 1, 98.6s)
21:18:15 [INFO] gpu_queue.worker — Done: ABEV3.SA/CNN_LSTM/learned_wavelet (GPU 2, 133.4s)
21:18:58 [INFO] gpu_queue.worker — Done: ABEV3.SA/MLP/raw (GPU 1, 129.6s)
21:19:51 [INFO] gpu_queue.worker — Done: ABEV3.SA/MLP/raw (GPU 3, 132.9s)
21:22:30 [INFO] gpu_queue.worker — Done: ABEV3.SA/Transformer/raw (GPU 2, 254.3s)
21:23:07 [INFO] gpu_queue.worker — Done: ABEV3.SA/Transformer/raw (GPU 1, 249.0s)
21:23:11 [WARNING] gpu_queue.worker — Retry 1/2 for ABEV3.SA/Transformer/learned_wavelet_no_warmup in 60s
21:23:51 [INFO] gpu_queue.worker — Done: ABEV3.SA/Transformer/db4 (GPU 3, 239.5s)
21:23:59 [INFO] gpu_queue.worker — Done: ABEV3.SA/LSTM/db4 (GPU 4, 670.5s)
21:25:19 [INFO] gpu_queue.worker — Done: ABEV3.SA/LSTM/learned_wavelet (GPU 0, 677.6s)
21:26:11 [INFO] gpu_queue.worker — Done: B3SA3.SA/CNN/raw (GPU 4, 131.9s)
21:26:14 [WARNING] gpu_queue.worker — Retry 1/2 for B3SA3.SA/CNN/learned_wavelet_no_warmup in 60s
21:26:29 [INFO] gpu_queue.worker — Done: B3SA3.SA/CNN/raw (GPU 3, 158.2s)
21:26:38 [INFO] gpu_queue.worker — Done: B3SA3.SA/CNN/db4 (GPU 1, 146.2s)
21:27:06 [INFO] gpu_queue.worker — Done: ABEV3.SA/Transformer/learned_wavelet (GPU 2, 276.2s)
21:28:20 [INFO] gpu_queue.worker — Done: B3SA3.SA/CNN/learned_wavelet (GPU 0, 180.9s)
21:29:13 [INFO] gpu_queue.worker — Done: ABEV3.SA/LSTM/raw (GPU 5, 1048.8s)
21:30:54 [WARNING] gpu_queue.worker — Retry 1/2 for B3SA3.SA/LSTM/raw in 60s
21:30:54 [WARNING] gpu_queue.worker — Retry 1/2 for B3SA3.SA/LSTM/learned_wavelet in 60s
21:30:54 [WARNING] gpu_queue.worker — Retry 1/2 for B3SA3.SA/LSTM/db4 in 60s
21:30:54 [WARNING] gpu_queue.worker — Retry 1/2 for B3SA3.SA/LSTM/learned_wavelet_no_warmup in 60s
21:30:54 [WARNING] gpu_queue.worker — Retry 1/2 for B3SA3.SA/CNN_LSTM/raw in 60s
21:30:54 [WARNING] gpu_queue.worker — Retry 1/2 for ABEV3.SA/LSTM/raw in 60s
21:30:54 [WARNING] gpu_queue.worker — Retry 1/2 for B3SA3.SA/LSTM/raw in 60s
21:33:23 [INFO] gpu_queue.worker — Done: B3SA3.SA/CNN_LSTM/raw (GPU 1, 88.7s)
21:33:25 [INFO] gpu_queue.worker — Done: B3SA3.SA/CNN_LSTM/db4 (GPU 4, 90.3s)
21:33:47 [INFO] gpu_queue.worker — Done: B3SA3.SA/MLP/raw (GPU 6, 113.0s)
21:34:08 [INFO] gpu_queue.worker — Done: B3SA3.SA/MLP/raw (GPU 5, 134.0s)
21:34:11 [INFO] gpu_queue.worker — Done: B3SA3.SA/CNN_LSTM/learned_wavelet_no_warmup (GPU 0, 136.2s)
21:34:11 [INFO] gpu_queue.worker — Done: B3SA3.SA/CNN_LSTM/learned_wavelet (GPU 2, 136.5s)
21:35:51 [INFO] gpu_queue.worker — Done: B3SA3.SA/Transformer/raw (GPU 3, 236.8s)
21:36:24 [INFO] gpu_queue.worker — Done: BBAS3.SA/CNN/raw (GPU 0, 133.9s)
21:36:27 [INFO] gpu_queue.worker — Done: BBAS3.SA/CNN/raw (GPU 2, 136.3s)
21:37:03 [INFO] gpu_queue.worker — Done: B3SA3.SA/Transformer/db4 (GPU 4, 218.4s)
21:37:13 [INFO] gpu_queue.worker — Done: B3SA3.SA/Transformer/raw (GPU 1, 230.1s)
21:38:04 [INFO] gpu_queue.worker — Done: B3SA3.SA/Transformer/learned_wavelet (GPU 6, 256.4s)
21:38:16 [INFO] gpu_queue.worker — Done: BBAS3.SA/CNN/db4 (GPU 3, 144.3s)
21:38:23 [INFO] gpu_queue.worker — Done: B3SA3.SA/Transformer/learned_wavelet_no_warmup (GPU 5, 254.8s)
21:39:31 [INFO] gpu_queue.worker — Done: BBAS3.SA/CNN/learned_wavelet (GPU 0, 186.9s)
21:39:36 [INFO] gpu_queue.worker — Done: BBAS3.SA/CNN/learned_wavelet_no_warmup (GPU 2, 189.4s)
21:41:13 [INFO] gpu_queue.worker — Done: BBAS3.SA/CNN_LSTM/raw (GPU 2, 96.8s)
21:41:17 [INFO] gpu_queue.worker — Done: BBAS3.SA/CNN_LSTM/raw (GPU 0, 106.1s)
21:42:52 [INFO] gpu_queue.worker — Done: BBAS3.SA/CNN_LSTM/db4 (GPU 2, 98.5s)
21:43:19 [INFO] gpu_queue.worker — Done: BBAS3.SA/CNN_LSTM/learned_wavelet (GPU 0, 121.6s)
21:45:10 [INFO] gpu_queue.worker — Done: BBAS3.SA/CNN_LSTM/learned_wavelet_no_warmup (GPU 2, 138.5s)
21:45:32 [INFO] gpu_queue.worker — Done: BBAS3.SA/MLP/raw (GPU 0, 132.5s)
21:47:24 [INFO] gpu_queue.worker — Done: BBAS3.SA/MLP/raw (GPU 2, 133.9s)
21:49:43 [INFO] gpu_queue.worker — Done: BBAS3.SA/Transformer/raw (GPU 0, 251.7s)
21:51:21 [INFO] gpu_queue.worker — Done: BBAS3.SA/LSTM/db4 (GPU 6, 797.6s)
21:51:26 [INFO] gpu_queue.worker — Done: BBAS3.SA/Transformer/raw (GPU 2, 241.7s)
21:52:09 [INFO] gpu_queue.worker — Done: BBAS3.SA/LSTM/learned_wavelet_no_warmup (GPU 5, 826.2s)
21:53:28 [INFO] gpu_queue.worker — Done: BBAS3.SA/LSTM/learned_wavelet (GPU 3, 912.4s)
21:53:35 [INFO] gpu_queue.worker — Done: BBAS3.SA/Transformer/db4 (GPU 0, 231.2s)
21:54:24 [INFO] gpu_queue.worker — Done: BBDC4.SA/CNN/raw (GPU 5, 134.8s)
21:55:35 [INFO] gpu_queue.worker — Done: BBDC4.SA/CNN/raw (GPU 3, 127.0s)
21:55:47 [INFO] gpu_queue.worker — Done: BBDC4.SA/CNN/db4 (GPU 0, 132.1s)
21:55:48 [INFO] gpu_queue.worker — Done: BBAS3.SA/Transformer/learned_wavelet (GPU 6, 267.0s)
21:55:52 [INFO] gpu_queue.worker — Done: BBAS3.SA/Transformer/learned_wavelet_no_warmup (GPU 2, 266.3s)
21:57:27 [INFO] gpu_queue.worker — Done: BBDC4.SA/CNN/learned_wavelet (GPU 5, 182.3s)
21:57:39 [INFO] gpu_queue.worker — Done: BBAS3.SA/LSTM/raw (GPU 4, 1236.1s)
21:57:51 [INFO] gpu_queue.worker — Done: BBAS3.SA/LSTM/raw (GPU 1, 1237.7s)
21:58:32 [INFO] gpu_queue.worker — Done: BBDC4.SA/CNN/learned_wavelet_no_warmup (GPU 3, 176.8s)
21:59:21 [INFO] gpu_queue.worker — Done: BBDC4.SA/CNN_LSTM/raw (GPU 1, 90.0s)
21:59:50 [INFO] gpu_queue.worker — Done: BBDC4.SA/CNN_LSTM/raw (GPU 3, 78.2s)
22:00:51 [INFO] gpu_queue.worker — Done: BBDC4.SA/CNN_LSTM/db4 (GPU 1, 90.2s)
22:01:42 [INFO] gpu_queue.worker — Done: BBDC4.SA/CNN_LSTM/learned_wavelet (GPU 3, 111.8s)
22:02:28 [INFO] gpu_queue.worker — Done: BBDC4.SA/CNN_LSTM/learned_wavelet_no_warmup (GPU 1, 97.5s)
22:03:47 [INFO] gpu_queue.worker — Done: BBDC4.SA/MLP/raw (GPU 3, 125.5s)
22:04:16 [INFO] gpu_queue.worker — Done: BBDC4.SA/MLP/raw (GPU 1, 107.7s)
22:05:57 [INFO] gpu_queue.worker — Done: BBDC4.SA/LSTM/learned_wavelet_no_warmup (GPU 4, 497.7s)
22:07:32 [INFO] gpu_queue.worker — Done: BBDC4.SA/Transformer/raw (GPU 3, 224.9s)
22:07:42 [INFO] gpu_queue.worker — Done: BBDC4.SA/LSTM/db4 (GPU 2, 709.6s)
22:07:52 [INFO] gpu_queue.worker — Done: BBDC4.SA/Transformer/raw (GPU 1, 215.7s)
22:07:53 [INFO] gpu_queue.worker — Done: BBDC4.SA/LSTM/learned_wavelet (GPU 5, 626.2s)
22:08:57 [INFO] gpu_queue.worker — Done: BBDC4.SA/LSTM/raw (GPU 0, 790.4s)
22:09:23 [INFO] gpu_queue.worker — Done: BBDC4.SA/Transformer/db4 (GPU 4, 205.9s)
22:10:08 [INFO] gpu_queue.worker — Done: BRKM5.SA/CNN/raw (GPU 1, 136.4s)
22:10:10 [INFO] gpu_queue.worker — Done: BRKM5.SA/CNN/raw (GPU 5, 137.2s)
22:11:29 [INFO] gpu_queue.worker — Done: BRKM5.SA/CNN/db4 (GPU 0, 152.0s)
22:11:34 [INFO] gpu_queue.worker — Done: BBDC4.SA/Transformer/learned_wavelet (GPU 3, 241.4s)
22:11:44 [INFO] gpu_queue.worker — Done: BBDC4.SA/Transformer/learned_wavelet_no_warmup (GPU 2, 241.9s)
22:11:56 [INFO] gpu_queue.worker — Done: BBDC4.SA/LSTM/raw (GPU 6, 967.9s)
22:12:30 [INFO] gpu_queue.worker — Done: BRKM5.SA/CNN/learned_wavelet (GPU 4, 187.2s)
22:13:19 [INFO] gpu_queue.worker — Done: BRKM5.SA/CNN/learned_wavelet_no_warmup (GPU 1, 190.9s)
22:14:10 [INFO] gpu_queue.worker — Done: BRKM5.SA/CNN_LSTM/raw (GPU 4, 100.5s)
22:14:44 [INFO] gpu_queue.worker — Done: BRKM5.SA/CNN_LSTM/raw (GPU 1, 84.6s)
22:15:43 [INFO] gpu_queue.worker — Done: BRKM5.SA/CNN_LSTM/db4 (GPU 4, 92.1s)
22:16:43 [INFO] gpu_queue.worker — Done: BRKM5.SA/CNN_LSTM/learned_wavelet (GPU 1, 119.1s)
22:17:41 [INFO] gpu_queue.worker — Done: BRKM5.SA/CNN_LSTM/learned_wavelet_no_warmup (GPU 4, 118.3s)
22:19:04 [INFO] gpu_queue.worker — Done: BRKM5.SA/MLP/raw (GPU 1, 141.2s)
22:19:46 [INFO] gpu_queue.worker — Done: BRKM5.SA/MLP/raw (GPU 4, 124.7s)
22:21:18 [INFO] gpu_queue.worker — Done: BRKM5.SA/LSTM/db4 (GPU 3, 584.3s)
22:22:07 [INFO] gpu_queue.worker — Done: BRKM5.SA/LSTM/learned_wavelet_no_warmup (GPU 6, 610.1s)
22:23:01 [INFO] gpu_queue.worker — Done: BRKM5.SA/Transformer/raw (GPU 1, 236.7s)
22:23:27 [INFO] gpu_queue.worker — Done: BRKM5.SA/LSTM/learned_wavelet (GPU 2, 703.1s)
22:23:54 [INFO] gpu_queue.worker — Done: BRKM5.SA/Transformer/raw (GPU 4, 248.0s)
22:25:11 [INFO] gpu_queue.worker — Done: BRKM5.SA/Transformer/db4 (GPU 3, 233.4s)
22:25:31 [INFO] gpu_queue.worker — Done: COGN3.SA/CNN/raw (GPU 2, 124.2s)
22:25:56 [INFO] gpu_queue.worker — Done: COGN3.SA/CNN/raw (GPU 4, 122.3s)
22:26:24 [INFO] gpu_queue.worker — Done: BRKM5.SA/LSTM/raw (GPU 5, 973.8s)
22:26:35 [INFO] gpu_queue.worker — Done: BRKM5.SA/Transformer/learned_wavelet (GPU 6, 268.8s)
22:27:14 [INFO] gpu_queue.worker — Done: COGN3.SA/CNN/db4 (GPU 3, 122.9s)
22:27:27 [INFO] gpu_queue.worker — Done: BRKM5.SA/Transformer/learned_wavelet_no_warmup (GPU 1, 266.3s)
22:28:06 [INFO] gpu_queue.worker — Done: COGN3.SA/CNN/learned_wavelet (GPU 2, 154.6s)
22:28:37 [INFO] gpu_queue.worker — Done: COGN3.SA/CNN/learned_wavelet_no_warmup (GPU 4, 161.4s)
22:29:18 [INFO] gpu_queue.worker — Done: BRKM5.SA/LSTM/raw (GPU 0, 1068.6s)
22:29:41 [INFO] gpu_queue.worker — Done: COGN3.SA/CNN_LSTM/raw (GPU 4, 64.0s)
22:30:19 [INFO] gpu_queue.worker — Done: COGN3.SA/CNN_LSTM/raw (GPU 0, 61.0s)
22:30:49 [INFO] gpu_queue.worker — Done: COGN3.SA/CNN_LSTM/db4 (GPU 4, 67.8s)
22:31:42 [INFO] gpu_queue.worker — Done: COGN3.SA/CNN_LSTM/learned_wavelet (GPU 0, 83.3s)
22:31:52 [INFO] gpu_queue.worker — Done: COGN3.SA/LSTM/db4 (GPU 3, 277.5s)
22:32:01 [INFO] gpu_queue.worker — Done: COGN3.SA/LSTM/learned_wavelet (GPU 1, 273.6s)
22:32:13 [INFO] gpu_queue.worker — Done: COGN3.SA/CNN_LSTM/learned_wavelet_no_warmup (GPU 4, 83.4s)
22:33:09 [INFO] gpu_queue.worker — Done: COGN3.SA/LSTM/learned_wavelet_no_warmup (GPU 2, 303.3s)
22:33:40 [INFO] gpu_queue.worker — Done: COGN3.SA/MLP/raw (GPU 3, 108.0s)
22:33:45 [INFO] gpu_queue.worker — Done: COGN3.SA/MLP/raw (GPU 0, 123.2s)
22:34:05 [INFO] gpu_queue.worker — Done: COGN3.SA/LSTM/raw (GPU 5, 461.7s)
22:34:24 [INFO] gpu_queue.worker — Done: COGN3.SA/LSTM/raw (GPU 6, 468.6s)
22:35:22 [INFO] gpu_queue.worker — Done: COGN3.SA/Transformer/raw (GPU 1, 201.3s)
22:35:40 [INFO] gpu_queue.worker — Done: COGN3.SA/Transformer/raw (GPU 4, 207.4s)
22:36:10 [INFO] gpu_queue.worker — Done: CSNA3.SA/CNN/raw (GPU 5, 124.1s)
22:36:22 [INFO] gpu_queue.worker — Done: CSNA3.SA/CNN/raw (GPU 6, 118.1s)
22:36:36 [INFO] gpu_queue.worker — Done: COGN3.SA/Transformer/db4 (GPU 2, 206.7s)
22:37:33 [INFO] gpu_queue.worker — Done: COGN3.SA/Transformer/learned_wavelet (GPU 3, 233.1s)
22:37:38 [INFO] gpu_queue.worker — Done: CSNA3.SA/CNN/db4 (GPU 1, 135.9s)
22:37:40 [INFO] gpu_queue.worker — Done: COGN3.SA/Transformer/learned_wavelet_no_warmup (GPU 0, 234.5s)
22:38:33 [INFO] gpu_queue.worker — Done: CSNA3.SA/CNN/learned_wavelet (GPU 4, 172.9s)
22:39:01 [INFO] gpu_queue.worker — Done: CSNA3.SA/CNN/learned_wavelet_no_warmup (GPU 5, 171.2s)
22:40:06 [INFO] gpu_queue.worker — Done: CSNA3.SA/CNN_LSTM/raw (GPU 4, 93.5s)
22:40:29 [INFO] gpu_queue.worker — Done: CSNA3.SA/CNN_LSTM/raw (GPU 5, 88.0s)
22:41:31 [INFO] gpu_queue.worker — Done: CSNA3.SA/CNN_LSTM/db4 (GPU 4, 84.7s)
22:42:23 [INFO] gpu_queue.worker — Done: CSNA3.SA/CNN_LSTM/learned_wavelet (GPU 5, 114.4s)
Exception in thread GPU-4:
Traceback (most recent call last):
  File "/home/felipeteodoro/projetos/LearnableWaveletLayer/tests/financial/gpu_queue/worker.py", line 46, in run
    self._execute(job)
  File "/home/felipeteodoro/projetos/LearnableWaveletLayer/tests/financial/gpu_queue/worker.py", line 99, in _execute
    self.status.update(job)
  File "/home/felipeteodoro/projetos/LearnableWaveletLayer/tests/financial/gpu_queue/job_queue.py", line 40, in update
    self._persist()
  File "/home/felipeteodoro/projetos/LearnableWaveletLayer/tests/financial/gpu_queue/job_queue.py", line 62, in _persist
    with open(tmp, "w") as f:
FileNotFoundError: [Errno 2] No such file or directory: '/home/felipeteodoro/projetos/LearnableWaveletLayer/tests/financial/results/2026-05-02/queue_status.tmp'

During handling of the above exception, another exception occurred:

Traceback (most recent call last):
  File "/usr/lib/python3.10/threading.py", line 1016, in _bootstrap_inner
    self.run()
  File "/home/felipeteodoro/projetos/LearnableWaveletLayer/tests/financial/gpu_queue/worker.py", line 48, in run
    self._handle_failure(job, str(exc))
  File "/home/felipeteodoro/projetos/LearnableWaveletLayer/tests/financial/gpu_queue/worker.py", line 108, in _handle_failure
    self.status.update(job)
  File "/home/felipeteodoro/projetos/LearnableWaveletLayer/tests/financial/gpu_queue/job_queue.py", line 40, in update
    self._persist()
  File "/home/felipeteodoro/projetos/LearnableWaveletLayer/tests/financial/gpu_queue/job_queue.py", line 62, in _persist
    with open(tmp, "w") as f:
FileNotFoundError: [Errno 2] No such file or directory: '/home/felipeteodoro/projetos/LearnableWaveletLayer/tests/financial/results/2026-05-02/queue_status.tmp'
22:44:23 [INFO] gpu_queue.worker — Done: CSNA3.SA/MLP/raw (GPU 5, 119.4s)
22:46:14 [INFO] gpu_queue.worker — Done: CSNA3.SA/MLP/raw (GPU 5, 110.9s)
22:46:16 [INFO] gpu_queue.worker — Done: CSNA3.SA/LSTM/db4 (GPU 3, 522.7s)
22:46:46 [INFO] gpu_queue.worker — Done: CSNA3.SA/LSTM/learned_wavelet_no_warmup (GPU 0, 546.2s)
22:47:01 [INFO] gpu_queue.worker — Done: CSNA3.SA/LSTM/learned_wavelet (GPU 1, 562.5s)
22:50:03 [INFO] gpu_queue.worker — Done: CSNA3.SA/Transformer/raw (GPU 5, 228.8s)
22:50:03 [INFO] gpu_queue.worker — Done: CSNA3.SA/Transformer/raw (GPU 3, 226.9s)
22:50:18 [INFO] gpu_queue.worker — Done: CSNA3.SA/Transformer/db4 (GPU 0, 211.4s)
22:51:16 [INFO] gpu_queue.worker — Done: CSNA3.SA/Transformer/learned_wavelet (GPU 1, 255.1s)
22:52:08 [INFO] gpu_queue.worker — Done: CYRE3.SA/CNN/raw (GPU 3, 125.1s)
22:52:24 [INFO] gpu_queue.worker — Done: CYRE3.SA/CNN/raw (GPU 0, 126.6s)
22:52:26 [INFO] gpu_queue.worker — Done: CSNA3.SA/LSTM/raw (GPU 6, 963.6s)
22:52:58 [INFO] gpu_queue.worker — Done: CSNA3.SA/LSTM/raw (GPU 2, 982.0s)
22:53:35 [INFO] gpu_queue.worker — Done: CYRE3.SA/CNN/db4 (GPU 1, 139.4s)
